{"/Users/erikoh/Desktop/Dev/repos/react-takehome-rift/src/redux/slices/balancesSlice.ts": {"path":"/Users/erikoh/Desktop/Dev/repos/react-takehome-rift/src/redux/slices/balancesSlice.ts","statementMap":{"0":{"start":{"line":22,"column":51},"end":{"line":36,"column":1}},"1":{"start":{"line":39,"column":27},"end":{"line":39,"column":66}},"2":{"start":{"line":40,"column":28},"end":{"line":40,"column":70}},"3":{"start":{"line":43,"column":2},"end":{"line":43,"column":62}},"4":{"start":{"line":44,"column":35},"end":{"line":46,"column":1}},"5":{"start":{"line":47,"column":38},"end":{"line":49,"column":1}},"6":{"start":{"line":50,"column":30},"end":{"line":52,"column":1}},"7":{"start":{"line":54,"column":31},"end":{"line":91,"column":1}},"8":{"start":{"line":57,"column":4},"end":{"line":89,"column":9}},"9":{"start":{"line":59,"column":8},"end":{"line":59,"column":37}},"10":{"start":{"line":62,"column":8},"end":{"line":62,"column":37}},"11":{"start":{"line":65,"column":8},"end":{"line":65,"column":79}},"12":{"start":{"line":68,"column":31},"end":{"line":68,"column":52}},"13":{"start":{"line":69,"column":25},"end":{"line":69,"column":70}},"14":{"start":{"line":71,"column":8},"end":{"line":77,"column":9}},"15":{"start":{"line":72,"column":10},"end":{"line":73,"column":38}},"16":{"start":{"line":74,"column":10},"end":{"line":74,"column":60}},"17":{"start":{"line":76,"column":10},"end":{"line":76,"column":74}},"18":{"start":{"line":80,"column":8},"end":{"line":82,"column":56}},"19":{"start":{"line":84,"column":8},"end":{"line":84,"column":58}},"20":{"start":{"line":85,"column":8},"end":{"line":85,"column":58}},"21":{"start":{"line":88,"column":8},"end":{"line":88,"column":79}}},"fnMap":{"0":{"name":"(anonymous_0)","decl":{"start":{"line":56,"column":2},"end":{"line":56,"column":3}},"loc":{"start":{"line":56,"column":15},"end":{"line":90,"column":3}},"line":56},"1":{"name":"(anonymous_1)","decl":{"start":{"line":58,"column":28},"end":{"line":58,"column":29}},"loc":{"start":{"line":58,"column":47},"end":{"line":60,"column":7}},"line":58},"2":{"name":"(anonymous_2)","decl":{"start":{"line":61,"column":29},"end":{"line":61,"column":30}},"loc":{"start":{"line":61,"column":48},"end":{"line":63,"column":7}},"line":61},"3":{"name":"(anonymous_3)","decl":{"start":{"line":64,"column":33},"end":{"line":64,"column":34}},"loc":{"start":{"line":64,"column":52},"end":{"line":66,"column":7}},"line":64},"4":{"name":"(anonymous_4)","decl":{"start":{"line":67,"column":36},"end":{"line":67,"column":37}},"loc":{"start":{"line":67,"column":55},"end":{"line":78,"column":7}},"line":67},"5":{"name":"(anonymous_5)","decl":{"start":{"line":79,"column":39},"end":{"line":79,"column":40}},"loc":{"start":{"line":79,"column":58},"end":{"line":86,"column":7}},"line":79},"6":{"name":"(anonymous_6)","decl":{"start":{"line":87,"column":31},"end":{"line":87,"column":32}},"loc":{"start":{"line":87,"column":50},"end":{"line":89,"column":7}},"line":87}},"branchMap":{"0":{"loc":{"start":{"line":71,"column":8},"end":{"line":77,"column":9}},"type":"if","locations":[{"start":{"line":71,"column":8},"end":{"line":77,"column":9}},{"start":{"line":71,"column":8},"end":{"line":77,"column":9}}],"line":71}},"s":{"0":1,"1":1,"2":1,"3":1,"4":1,"5":1,"6":1,"7":1,"8":1,"9":1,"10":1,"11":1,"12":2,"13":2,"14":2,"15":1,"16":1,"17":1,"18":1,"19":1,"20":1,"21":1},"f":{"0":1,"1":1,"2":1,"3":1,"4":2,"5":1,"6":1},"b":{"0":[1,1]},"_coverageSchema":"1a1c01bbd47fc00a2c39e90264f33305004495a9","hash":"8643c22160e819b2f2f6c63d3fe1fa66578cba21"}
}
