{"/Users/erikoh/Desktop/Dev/repos/react-takehome-rift/src/Theme.tsx": {"path":"/Users/erikoh/Desktop/Dev/repos/react-takehome-rift/src/Theme.tsx","statementMap":{"0":{"start":{"line":8,"column":20},"end":{"line":17,"column":1}},"1":{"start":{"line":22,"column":2},"end":{"line":22,"column":71}}},"fnMap":{"0":{"name":"Theme","decl":{"start":{"line":21,"column":9},"end":{"line":21,"column":14}},"loc":{"start":{"line":21,"column":50},"end":{"line":23,"column":1}},"line":21}},"branchMap":{},"s":{"0":1,"1":5},"f":{"0":5},"b":{},"_coverageSchema":"1a1c01bbd47fc00a2c39e90264f33305004495a9","hash":"f81690baef9771b6b10cb4b4e0a3eaf178aeaa5d"}
,"/Users/erikoh/Desktop/Dev/repos/react-takehome-rift/src/typedHooks.ts": {"path":"/Users/erikoh/Desktop/Dev/repos/react-takehome-rift/src/typedHooks.ts","statementMap":{"0":{"start":{"line":4,"column":30},"end":{"line":4,"column":62}},"1":{"start":{"line":4,"column":36},"end":{"line":4,"column":62}},"2":{"start":{"line":5,"column":63},"end":{"line":5,"column":74}}},"fnMap":{"0":{"name":"(anonymous_0)","decl":{"start":{"line":4,"column":30},"end":{"line":4,"column":31}},"loc":{"start":{"line":4,"column":36},"end":{"line":4,"column":62}},"line":4}},"branchMap":{},"s":{"0":1,"1":7,"2":1},"f":{"0":7},"b":{},"_coverageSchema":"1a1c01bbd47fc00a2c39e90264f33305004495a9","hash":"72810a3ed5c5682ad867f1082ce76e1393c4de7d"}
,"/Users/erikoh/Desktop/Dev/repos/react-takehome-rift/src/components/ProgressDaysWidget.tsx": {"path":"/Users/erikoh/Desktop/Dev/repos/react-takehome-rift/src/components/ProgressDaysWidget.tsx","statementMap":{"0":{"start":{"line":7,"column":18},"end":{"line":11,"column":1}},"1":{"start":{"line":13,"column":24},"end":{"line":21,"column":1}},"2":{"start":{"line":20,"column":40},"end":{"line":20,"column":58}},"3":{"start":{"line":23,"column":18},"end":{"line":28,"column":1}},"4":{"start":{"line":30,"column":20},"end":{"line":35,"column":1}},"5":{"start":{"line":34,"column":30},"end":{"line":34,"column":51}},"6":{"start":{"line":37,"column":20},"end":{"line":40,"column":1}},"7":{"start":{"line":42,"column":21},"end":{"line":44,"column":1}},"8":{"start":{"line":47,"column":46},"end":{"line":47,"column":57}},"9":{"start":{"line":48,"column":19},"end":{"line":48,"column":35}},"10":{"start":{"line":50,"column":27},"end":{"line":52,"column":3}},"11":{"start":{"line":51,"column":4},"end":{"line":51,"column":38}},"12":{"start":{"line":54,"column":31},"end":{"line":57,"column":3}},"13":{"start":{"line":55,"column":4},"end":{"line":55,"column":23}},"14":{"start":{"line":56,"column":4},"end":{"line":56,"column":49}},"15":{"start":{"line":59,"column":2},"end":{"line":77,"column":4}}},"fnMap":{"0":{"name":"(anonymous_0)","decl":{"start":{"line":20,"column":25},"end":{"line":20,"column":26}},"loc":{"start":{"line":20,"column":40},"end":{"line":20,"column":58}},"line":20},"1":{"name":"(anonymous_1)","decl":{"start":{"line":34,"column":15},"end":{"line":34,"column":16}},"loc":{"start":{"line":34,"column":30},"end":{"line":34,"column":51}},"line":34},"2":{"name":"ProgressDaysWidget","decl":{"start":{"line":46,"column":9},"end":{"line":46,"column":27}},"loc":{"start":{"line":46,"column":44},"end":{"line":78,"column":1}},"line":46},"3":{"name":"(anonymous_3)","decl":{"start":{"line":50,"column":27},"end":{"line":50,"column":28}},"loc":{"start":{"line":50,"column":34},"end":{"line":52,"column":3}},"line":50},"4":{"name":"(anonymous_4)","decl":{"start":{"line":54,"column":31},"end":{"line":54,"column":32}},"loc":{"start":{"line":54,"column":38},"end":{"line":57,"column":3}},"line":54}},"branchMap":{},"s":{"0":1,"1":1,"2":0,"3":1,"4":1,"5":2,"6":1,"7":1,"8":2,"9":2,"10":2,"11":1,"12":2,"13":1,"14":1,"15":2},"f":{"0":0,"1":2,"2":2,"3":1,"4":1},"b":{},"_coverageSchema":"1a1c01bbd47fc00a2c39e90264f33305004495a9","hash":"77c8c6c279a1bc9459b087b6f0b28ee0f966f3d0"}
,"/Users/erikoh/Desktop/Dev/repos/react-takehome-rift/src/components/DeFiServices/DeFiService/ToggleButtons.tsx": {"path":"/Users/erikoh/Desktop/Dev/repos/react-takehome-rift/src/components/DeFiServices/DeFiService/ToggleButtons.tsx","statementMap":{"0":{"start":{"line":14,"column":25},"end":{"line":19,"column":1}},"1":{"start":{"line":21,"column":21},"end":{"line":23,"column":1}},"2":{"start":{"line":25,"column":22},"end":{"line":28,"column":1}},"3":{"start":{"line":27,"column":4},"end":{"line":27,"column":60}},"4":{"start":{"line":30,"column":23},"end":{"line":33,"column":1}},"5":{"start":{"line":32,"column":4},"end":{"line":32,"column":61}},"6":{"start":{"line":36,"column":2},"end":{"line":52,"column":4}},"7":{"start":{"line":40,"column":23},"end":{"line":40,"column":44}},"8":{"start":{"line":47,"column":23},"end":{"line":47,"column":45}}},"fnMap":{"0":{"name":"(anonymous_0)","decl":{"start":{"line":26,"column":22},"end":{"line":26,"column":23}},"loc":{"start":{"line":27,"column":4},"end":{"line":27,"column":60}},"line":27},"1":{"name":"(anonymous_1)","decl":{"start":{"line":31,"column":22},"end":{"line":31,"column":23}},"loc":{"start":{"line":32,"column":4},"end":{"line":32,"column":61}},"line":32},"2":{"name":"ToggleButtons","decl":{"start":{"line":35,"column":9},"end":{"line":35,"column":22}},"loc":{"start":{"line":35,"column":79},"end":{"line":53,"column":1}},"line":35},"3":{"name":"(anonymous_3)","decl":{"start":{"line":40,"column":17},"end":{"line":40,"column":18}},"loc":{"start":{"line":40,"column":23},"end":{"line":40,"column":44}},"line":40},"4":{"name":"(anonymous_4)","decl":{"start":{"line":47,"column":17},"end":{"line":47,"column":18}},"loc":{"start":{"line":47,"column":23},"end":{"line":47,"column":45}},"line":47}},"branchMap":{"0":{"loc":{"start":{"line":27,"column":4},"end":{"line":27,"column":60}},"type":"cond-expr","locations":[{"start":{"line":27,"column":19},"end":{"line":27,"column":37}},{"start":{"line":27,"column":40},"end":{"line":27,"column":60}}],"line":27},"1":{"loc":{"start":{"line":32,"column":4},"end":{"line":32,"column":61}},"type":"cond-expr","locations":[{"start":{"line":32,"column":20},"end":{"line":32,"column":38}},{"start":{"line":32,"column":41},"end":{"line":32,"column":61}}],"line":32}},"s":{"0":1,"1":1,"2":1,"3":5,"4":1,"5":5,"6":5,"7":1,"8":1},"f":{"0":5,"1":5,"2":5,"3":1,"4":1},"b":{"0":[4,1],"1":[1,4]},"_coverageSchema":"1a1c01bbd47fc00a2c39e90264f33305004495a9","hash":"1cff3388bde6a5f77560f6b18149bbfe0bfaf472"}
,"/Users/erikoh/Desktop/Dev/repos/react-takehome-rift/src/components/DeFiServices/DeFiService/TransactionForm.tsx": {"path":"/Users/erikoh/Desktop/Dev/repos/react-takehome-rift/src/components/DeFiServices/DeFiService/TransactionForm.tsx","statementMap":{"0":{"start":{"line":20,"column":19},"end":{"line":24,"column":1}},"1":{"start":{"line":25,"column":22},"end":{"line":28,"column":1}},"2":{"start":{"line":29,"column":26},"end":{"line":31,"column":1}},"3":{"start":{"line":33,"column":26},"end":{"line":37,"column":1}},"4":{"start":{"line":39,"column":20},"end":{"line":39,"column":40}},"5":{"start":{"line":47,"column":52},"end":{"line":47,"column":77}},"6":{"start":{"line":48,"column":22},"end":{"line":48,"column":68}},"7":{"start":{"line":48,"column":48},"end":{"line":48,"column":67}},"8":{"start":{"line":49,"column":19},"end":{"line":49,"column":35}},"9":{"start":{"line":52,"column":23},"end":{"line":55,"column":3}},"10":{"start":{"line":53,"column":4},"end":{"line":53,"column":23}},"11":{"start":{"line":54,"column":4},"end":{"line":54,"column":41}},"12":{"start":{"line":57,"column":34},"end":{"line":82,"column":3}},"13":{"start":{"line":58,"column":4},"end":{"line":58,"column":23}},"14":{"start":{"line":59,"column":4},"end":{"line":81,"column":5}},"15":{"start":{"line":60,"column":6},"end":{"line":70,"column":7}},"16":{"start":{"line":61,"column":8},"end":{"line":61,"column":35}},"17":{"start":{"line":63,"column":8},"end":{"line":63,"column":55}},"18":{"start":{"line":64,"column":8},"end":{"line":69,"column":10}},"19":{"start":{"line":71,"column":11},"end":{"line":81,"column":5}},"20":{"start":{"line":72,"column":6},"end":{"line":72,"column":33}},"21":{"start":{"line":74,"column":6},"end":{"line":74,"column":52}},"22":{"start":{"line":75,"column":6},"end":{"line":80,"column":8}},"23":{"start":{"line":84,"column":28},"end":{"line":86,"column":3}},"24":{"start":{"line":85,"column":4},"end":{"line":85,"column":70}},"25":{"start":{"line":88,"column":2},"end":{"line":108,"column":4}},"26":{"start":{"line":97,"column":27},"end":{"line":97,"column":51}}},"fnMap":{"0":{"name":"TransactionForm","decl":{"start":{"line":41,"column":9},"end":{"line":41,"column":24}},"loc":{"start":{"line":46,"column":24},"end":{"line":109,"column":1}},"line":46},"1":{"name":"(anonymous_1)","decl":{"start":{"line":48,"column":37},"end":{"line":48,"column":38}},"loc":{"start":{"line":48,"column":48},"end":{"line":48,"column":67}},"line":48},"2":{"name":"(anonymous_2)","decl":{"start":{"line":52,"column":23},"end":{"line":52,"column":24}},"loc":{"start":{"line":52,"column":30},"end":{"line":55,"column":3}},"line":52},"3":{"name":"(anonymous_3)","decl":{"start":{"line":57,"column":34},"end":{"line":57,"column":35}},"loc":{"start":{"line":57,"column":41},"end":{"line":82,"column":3}},"line":57},"4":{"name":"(anonymous_4)","decl":{"start":{"line":84,"column":28},"end":{"line":84,"column":29}},"loc":{"start":{"line":84,"column":34},"end":{"line":86,"column":3}},"line":84},"5":{"name":"(anonymous_5)","decl":{"start":{"line":97,"column":21},"end":{"line":97,"column":22}},"loc":{"start":{"line":97,"column":27},"end":{"line":97,"column":51}},"line":97}},"branchMap":{"0":{"loc":{"start":{"line":59,"column":4},"end":{"line":81,"column":5}},"type":"if","locations":[{"start":{"line":59,"column":4},"end":{"line":81,"column":5}},{"start":{"line":59,"column":4},"end":{"line":81,"column":5}}],"line":59},"1":{"loc":{"start":{"line":60,"column":6},"end":{"line":70,"column":7}},"type":"if","locations":[{"start":{"line":60,"column":6},"end":{"line":70,"column":7}},{"start":{"line":60,"column":6},"end":{"line":70,"column":7}}],"line":60},"2":{"loc":{"start":{"line":60,"column":25},"end":{"line":60,"column":47}},"type":"binary-expr","locations":[{"start":{"line":60,"column":25},"end":{"line":60,"column":42}},{"start":{"line":60,"column":46},"end":{"line":60,"column":47}}],"line":60},"3":{"loc":{"start":{"line":63,"column":30},"end":{"line":63,"column":52}},"type":"binary-expr","locations":[{"start":{"line":63,"column":30},"end":{"line":63,"column":47}},{"start":{"line":63,"column":51},"end":{"line":63,"column":52}}],"line":63},"4":{"loc":{"start":{"line":66,"column":20},"end":{"line":66,"column":42}},"type":"binary-expr","locations":[{"start":{"line":66,"column":20},"end":{"line":66,"column":37}},{"start":{"line":66,"column":41},"end":{"line":66,"column":42}}],"line":66},"5":{"loc":{"start":{"line":71,"column":11},"end":{"line":81,"column":5}},"type":"if","locations":[{"start":{"line":71,"column":11},"end":{"line":81,"column":5}},{"start":{"line":71,"column":11},"end":{"line":81,"column":5}}],"line":71},"6":{"loc":{"start":{"line":71,"column":52},"end":{"line":71,"column":74}},"type":"binary-expr","locations":[{"start":{"line":71,"column":52},"end":{"line":71,"column":69}},{"start":{"line":71,"column":73},"end":{"line":71,"column":74}}],"line":71},"7":{"loc":{"start":{"line":74,"column":27},"end":{"line":74,"column":49}},"type":"binary-expr","locations":[{"start":{"line":74,"column":27},"end":{"line":74,"column":44}},{"start":{"line":74,"column":48},"end":{"line":74,"column":49}}],"line":74},"8":{"loc":{"start":{"line":77,"column":18},"end":{"line":77,"column":40}},"type":"binary-expr","locations":[{"start":{"line":77,"column":18},"end":{"line":77,"column":35}},{"start":{"line":77,"column":39},"end":{"line":77,"column":40}}],"line":77}},"s":{"0":1,"1":1,"2":1,"3":1,"4":1,"5":5,"6":5,"7":5,"8":5,"9":5,"10":0,"11":0,"12":5,"13":0,"14":0,"15":0,"16":0,"17":0,"18":0,"19":0,"20":0,"21":0,"22":0,"23":5,"24":0,"25":5,"26":0},"f":{"0":5,"1":5,"2":0,"3":0,"4":0,"5":0},"b":{"0":[0,0],"1":[0,0],"2":[0,0],"3":[0,0],"4":[0,0],"5":[0,0],"6":[0,0],"7":[0,0],"8":[0,0]},"_coverageSchema":"1a1c01bbd47fc00a2c39e90264f33305004495a9","hash":"c8a992076a3c7782f05260909131626dfc70c27f"}
,"/Users/erikoh/Desktop/Dev/repos/react-takehome-rift/src/components/DeFiServices/DeFiService/index.tsx": {"path":"/Users/erikoh/Desktop/Dev/repos/react-takehome-rift/src/components/DeFiServices/DeFiService/index.tsx","statementMap":{"0":{"start":{"line":20,"column":19},"end":{"line":23,"column":1}},"1":{"start":{"line":25,"column":23},"end":{"line":28,"column":1}},"2":{"start":{"line":30,"column":19},"end":{"line":30,"column":31}},"3":{"start":{"line":32,"column":26},"end":{"line":35,"column":1}},"4":{"start":{"line":38,"column":42},"end":{"line":38,"column":56}},"5":{"start":{"line":40,"column":26},"end":{"line":42,"column":3}},"6":{"start":{"line":41,"column":15},"end":{"line":41,"column":65}},"7":{"start":{"line":43,"column":26},"end":{"line":45,"column":3}},"8":{"start":{"line":44,"column":15},"end":{"line":44,"column":65}},"9":{"start":{"line":47,"column":2},"end":{"line":85,"column":4}}},"fnMap":{"0":{"name":"DeFiService","decl":{"start":{"line":37,"column":9},"end":{"line":37,"column":20}},"loc":{"start":{"line":37,"column":57},"end":{"line":86,"column":1}},"line":37},"1":{"name":"(anonymous_1)","decl":{"start":{"line":41,"column":4},"end":{"line":41,"column":5}},"loc":{"start":{"line":41,"column":15},"end":{"line":41,"column":65}},"line":41},"2":{"name":"(anonymous_2)","decl":{"start":{"line":44,"column":4},"end":{"line":44,"column":5}},"loc":{"start":{"line":44,"column":15},"end":{"line":44,"column":65}},"line":44}},"branchMap":{},"s":{"0":1,"1":1,"2":1,"3":1,"4":5,"5":5,"6":5,"7":5,"8":5,"9":5},"f":{"0":5,"1":5,"2":5},"b":{},"_coverageSchema":"1a1c01bbd47fc00a2c39e90264f33305004495a9","hash":"d9ff3c4ea43a7587cb7882e6631dcfa59141b880"}
,"/Users/erikoh/Desktop/Dev/repos/react-takehome-rift/src/redux/rootReducer.ts": {"path":"/Users/erikoh/Desktop/Dev/repos/react-takehome-rift/src/redux/rootReducer.ts","statementMap":{"0":{"start":{"line":4,"column":20},"end":{"line":6,"column":2}}},"fnMap":{},"branchMap":{},"s":{"0":1},"f":{},"b":{},"_coverageSchema":"1a1c01bbd47fc00a2c39e90264f33305004495a9","hash":"adddfc3f91d2e70170184ecfb8c2d953b45e02fa"}
,"/Users/erikoh/Desktop/Dev/repos/react-takehome-rift/src/redux/store.ts": {"path":"/Users/erikoh/Desktop/Dev/repos/react-takehome-rift/src/redux/store.ts","statementMap":{"0":{"start":{"line":4,"column":21},"end":{"line":7,"column":2}},"1":{"start":{"line":6,"column":40},"end":{"line":6,"column":62}}},"fnMap":{"0":{"name":"(anonymous_0)","decl":{"start":{"line":6,"column":14},"end":{"line":6,"column":15}},"loc":{"start":{"line":6,"column":40},"end":{"line":6,"column":62}},"line":6}},"branchMap":{},"s":{"0":1,"1":1},"f":{"0":1},"b":{},"_coverageSchema":"1a1c01bbd47fc00a2c39e90264f33305004495a9","hash":"c7539b5b04ee8af5f57c8f878dafdf81d4e0cb2a"}
,"/Users/erikoh/Desktop/Dev/repos/react-takehome-rift/src/redux/slices/balancesSlice.ts": {"path":"/Users/erikoh/Desktop/Dev/repos/react-takehome-rift/src/redux/slices/balancesSlice.ts","statementMap":{"0":{"start":{"line":26,"column":51},"end":{"line":43,"column":1}},"1":{"start":{"line":46,"column":27},"end":{"line":46,"column":66}},"2":{"start":{"line":47,"column":28},"end":{"line":47,"column":70}},"3":{"start":{"line":50,"column":2},"end":{"line":50,"column":62}},"4":{"start":{"line":51,"column":35},"end":{"line":53,"column":1}},"5":{"start":{"line":54,"column":38},"end":{"line":56,"column":1}},"6":{"start":{"line":57,"column":30},"end":{"line":59,"column":1}},"7":{"start":{"line":61,"column":31},"end":{"line":112,"column":1}},"8":{"start":{"line":64,"column":4},"end":{"line":110,"column":9}},"9":{"start":{"line":66,"column":8},"end":{"line":66,"column":45}},"10":{"start":{"line":69,"column":8},"end":{"line":69,"column":45}},"11":{"start":{"line":72,"column":8},"end":{"line":74,"column":10}},"12":{"start":{"line":77,"column":31},"end":{"line":77,"column":52}},"13":{"start":{"line":78,"column":25},"end":{"line":78,"column":70}},"14":{"start":{"line":80,"column":8},"end":{"line":86,"column":9}},"15":{"start":{"line":81,"column":10},"end":{"line":82,"column":38}},"16":{"start":{"line":83,"column":10},"end":{"line":83,"column":60}},"17":{"start":{"line":85,"column":10},"end":{"line":85,"column":74}},"18":{"start":{"line":89,"column":8},"end":{"line":91,"column":56}},"19":{"start":{"line":93,"column":8},"end":{"line":93,"column":58}},"20":{"start":{"line":94,"column":8},"end":{"line":94,"column":58}},"21":{"start":{"line":97,"column":31},"end":{"line":97,"column":60}},"22":{"start":{"line":98,"column":21},"end":{"line":98,"column":41}},"23":{"start":{"line":99,"column":8},"end":{"line":109,"column":9}},"24":{"start":{"line":100,"column":10},"end":{"line":102,"column":11}},"25":{"start":{"line":101,"column":12},"end":{"line":101,"column":21}},"26":{"start":{"line":103,"column":60},"end":{"line":103,"column":74}},"27":{"start":{"line":105,"column":12},"end":{"line":107,"column":16}},"28":{"start":{"line":108,"column":10},"end":{"line":108,"column":72}}},"fnMap":{"0":{"name":"(anonymous_0)","decl":{"start":{"line":63,"column":2},"end":{"line":63,"column":3}},"loc":{"start":{"line":63,"column":15},"end":{"line":111,"column":3}},"line":63},"1":{"name":"(anonymous_1)","decl":{"start":{"line":65,"column":28},"end":{"line":65,"column":29}},"loc":{"start":{"line":65,"column":47},"end":{"line":67,"column":7}},"line":65},"2":{"name":"(anonymous_2)","decl":{"start":{"line":68,"column":29},"end":{"line":68,"column":30}},"loc":{"start":{"line":68,"column":48},"end":{"line":70,"column":7}},"line":68},"3":{"name":"(anonymous_3)","decl":{"start":{"line":71,"column":33},"end":{"line":71,"column":34}},"loc":{"start":{"line":71,"column":52},"end":{"line":75,"column":7}},"line":71},"4":{"name":"(anonymous_4)","decl":{"start":{"line":76,"column":36},"end":{"line":76,"column":37}},"loc":{"start":{"line":76,"column":55},"end":{"line":87,"column":7}},"line":76},"5":{"name":"(anonymous_5)","decl":{"start":{"line":88,"column":39},"end":{"line":88,"column":40}},"loc":{"start":{"line":88,"column":58},"end":{"line":95,"column":7}},"line":88},"6":{"name":"(anonymous_6)","decl":{"start":{"line":96,"column":31},"end":{"line":96,"column":32}},"loc":{"start":{"line":96,"column":50},"end":{"line":110,"column":7}},"line":96}},"branchMap":{"0":{"loc":{"start":{"line":80,"column":8},"end":{"line":86,"column":9}},"type":"if","locations":[{"start":{"line":80,"column":8},"end":{"line":86,"column":9}},{"start":{"line":80,"column":8},"end":{"line":86,"column":9}}],"line":80},"1":{"loc":{"start":{"line":100,"column":10},"end":{"line":102,"column":11}},"type":"if","locations":[{"start":{"line":100,"column":10},"end":{"line":102,"column":11}},{"start":{"line":100,"column":10},"end":{"line":102,"column":11}}],"line":100}},"s":{"0":2,"1":2,"2":2,"3":2,"4":2,"5":2,"6":2,"7":2,"8":2,"9":1,"10":1,"11":1,"12":2,"13":2,"14":2,"15":1,"16":1,"17":1,"18":1,"19":1,"20":1,"21":3,"22":3,"23":3,"24":7,"25":2,"26":5,"27":5,"28":5},"f":{"0":2,"1":1,"2":1,"3":1,"4":2,"5":1,"6":3},"b":{"0":[1,1],"1":[2,5]},"_coverageSchema":"1a1c01bbd47fc00a2c39e90264f33305004495a9","hash":"d692394a3957c7667c32f55fb2b75d485cf8d481"}
}
