TN:
SF:src/redux/slices/balancesSlice.ts
FN:56,(anonymous_0)
FN:58,(anonymous_1)
FN:61,(anonymous_2)
FN:64,(anonymous_3)
FN:67,(anonymous_4)
FN:79,(anonymous_5)
FN:87,(anonymous_6)
FNF:7
FNH:7
FNDA:1,(anonymous_0)
FNDA:1,(anonymous_1)
FNDA:1,(anonymous_2)
FNDA:1,(anonymous_3)
FNDA:2,(anonymous_4)
FNDA:1,(anonymous_5)
FNDA:1,(anonymous_6)
DA:22,1
DA:39,1
DA:40,1
DA:43,1
DA:44,1
DA:47,1
DA:50,1
DA:54,1
DA:57,1
DA:59,1
DA:62,1
DA:65,1
DA:68,2
DA:69,2
DA:71,2
DA:72,1
DA:74,1
DA:76,1
DA:80,1
DA:84,1
DA:85,1
DA:88,1
LF:22
LH:22
BRDA:71,0,0,1
BRDA:71,0,1,1
BRF:2
BRH:2
end_of_record
