TN:
SF:src/Theme.tsx
FN:21,Theme
FNF:1
FNH:1
FNDA:5,Theme
DA:8,1
DA:22,5
LF:2
LH:2
BRF:0
BRH:0
end_of_record
TN:
SF:src/typedHooks.ts
FN:4,(anonymous_0)
FNF:1
FNH:1
FNDA:14,(anonymous_0)
DA:4,14
DA:5,1
LF:2
LH:2
BRF:0
BRH:0
end_of_record
TN:
SF:src/components/ProgressDaysWidget.tsx
FN:15,(anonymous_0)
FN:29,(anonymous_1)
FN:41,ProgressDaysWidget
FN:43,(anonymous_3)
FN:46,(anonymous_4)
FN:50,(anonymous_5)
FNF:6
FNH:6
FNDA:3,(anonymous_0)
FNDA:3,(anonymous_1)
FNDA:3,ProgressDaysWidget
FNDA:4,(anonymous_3)
FNDA:1,(anonymous_4)
FNDA:1,(anonymous_5)
DA:6,1
DA:15,3
DA:18,1
DA:25,1
DA:29,3
DA:32,1
DA:37,1
DA:42,3
DA:43,4
DA:44,3
DA:46,3
DA:47,1
DA:50,3
DA:51,1
DA:52,1
DA:53,4
DA:54,1
DA:56,3
DA:57,3
DA:59,3
DA:60,3
DA:66,3
LF:22
LH:22
BRDA:53,0,0,1
BRDA:53,0,1,3
BRF:2
BRH:2
end_of_record
TN:
SF:src/components/DeFiServices/DeFiService/ToggleButtons.tsx
FN:31,(anonymous_0)
FN:36,(anonymous_1)
FN:40,ToggleButtons
FN:45,(anonymous_3)
FN:51,(anonymous_4)
FNF:5
FNH:5
FNDA:9,(anonymous_0)
FNDA:9,(anonymous_1)
FNDA:9,ToggleButtons
FNDA:1,(anonymous_3)
FNDA:2,(anonymous_4)
DA:13,1
DA:20,1
DA:30,1
DA:32,9
DA:35,1
DA:37,9
DA:41,9
DA:45,1
DA:51,2
LF:9
LH:9
BRDA:32,0,0,6
BRDA:32,0,1,3
BRDA:37,1,0,3
BRDA:37,1,1,6
BRF:4
BRH:4
end_of_record
TN:
SF:src/components/DeFiServices/DeFiService/TransactionForm.tsx
FN:44,TransactionForm
FN:51,(anonymous_1)
FN:55,(anonymous_2)
FN:60,(anonymous_3)
FN:87,(anonymous_4)
FNF:5
FNH:4
FNDA:11,TransactionForm
FNDA:18,(anonymous_1)
FNDA:2,(anonymous_2)
FNDA:2,(anonymous_3)
FNDA:0,(anonymous_4)
DA:19,1
DA:25,1
DA:29,1
DA:33,1
DA:37,1
DA:50,11
DA:51,18
DA:52,11
DA:55,11
DA:56,2
DA:57,2
DA:60,11
DA:61,2
DA:62,2
DA:63,1
DA:64,0
DA:66,1
DA:67,1
DA:74,1
DA:75,0
DA:77,1
DA:78,1
DA:87,11
DA:88,0
DA:91,11
LF:25
LH:22
BRDA:62,0,0,1
BRDA:62,0,1,1
BRDA:63,1,0,0
BRDA:63,1,1,1
BRDA:63,2,0,1
BRDA:63,2,1,0
BRDA:66,3,0,1
BRDA:66,3,1,0
BRDA:69,4,0,1
BRDA:69,4,1,0
BRDA:74,5,0,0
BRDA:74,5,1,1
BRDA:74,6,0,1
BRDA:74,6,1,0
BRDA:77,7,0,1
BRDA:77,7,1,0
BRDA:80,8,0,1
BRDA:80,8,1,0
BRF:18
BRH:10
end_of_record
TN:
SF:src/components/DeFiServices/DeFiService/index.tsx
FN:16,(anonymous_0)
FN:36,DeFiService
FN:40,(anonymous_2)
FN:43,(anonymous_3)
FNF:4
FNH:4
FNDA:9,(anonymous_0)
FNDA:9,DeFiService
FNDA:16,(anonymous_2)
FNDA:14,(anonymous_3)
DA:12,1
DA:16,9
DA:24,1
DA:26,1
DA:28,1
DA:37,9
DA:39,9
DA:40,16
DA:42,9
DA:43,14
DA:46,9
LF:11
LH:11
BRF:0
BRH:0
end_of_record
TN:
SF:src/redux/rootReducer.ts
FNF:0
FNH:0
DA:4,1
LF:1
LH:1
BRF:0
BRH:0
end_of_record
TN:
SF:src/redux/store.ts
FN:6,(anonymous_0)
FNF:1
FNH:1
FNDA:1,(anonymous_0)
DA:4,1
DA:6,1
LF:2
LH:2
BRF:0
BRH:0
end_of_record
TN:
SF:src/redux/slices/balancesSlice.ts
FN:64,(anonymous_0)
FN:66,(anonymous_1)
FN:69,(anonymous_2)
FN:72,(anonymous_3)
FN:77,(anonymous_4)
FN:89,(anonymous_5)
FN:97,(anonymous_6)
FNF:7
FNH:7
FNDA:2,(anonymous_0)
FNDA:2,(anonymous_1)
FNDA:2,(anonymous_2)
FNDA:2,(anonymous_3)
FNDA:3,(anonymous_4)
FNDA:1,(anonymous_5)
FNDA:5,(anonymous_6)
DA:27,2
DA:47,2
DA:48,2
DA:51,2
DA:52,2
DA:55,2
DA:58,2
DA:62,2
DA:65,2
DA:67,2
DA:70,2
DA:73,2
DA:78,3
DA:79,3
DA:81,3
DA:82,1
DA:84,1
DA:86,2
DA:90,1
DA:94,1
DA:95,1
DA:98,5
LF:22
LH:22
BRDA:81,0,0,1
BRDA:81,0,1,2
BRF:2
BRH:2
end_of_record
